mode: set
github.com/tegveer-singh123/bookings/cmd/web/main.go:22.13,25.16 2 0
github.com/tegveer-singh123/bookings/cmd/web/main.go:25.16,27.3 1 0
github.com/tegveer-singh123/bookings/cmd/web/main.go:30.2,38.16 4 0
github.com/tegveer-singh123/bookings/cmd/web/main.go:38.16,40.3 1 0
github.com/tegveer-singh123/bookings/cmd/web/main.go:44.18,59.16 9 0
github.com/tegveer-singh123/bookings/cmd/web/main.go:59.16,61.3 1 0
github.com/tegveer-singh123/bookings/cmd/web/main.go:63.2,72.12 6 0
github.com/tegveer-singh123/bookings/cmd/web/middlewares.go:17.45,29.2 3 1
github.com/tegveer-singh123/bookings/cmd/web/middlewares.go:31.50,33.2 1 1
github.com/tegveer-singh123/bookings/cmd/web/routes.go:12.47,41.2 18 1
